mode: set
github.com/amrchnk/advertisement_service/pkg/handler/advert.go:12.47,14.40 2 1
github.com/amrchnk/advertisement_service/pkg/handler/advert.go:22.5,22.44 1 1
github.com/amrchnk/advertisement_service/pkg/handler/advert.go:30.5,31.16 2 1
github.com/amrchnk/advertisement_service/pkg/handler/advert.go:39.5,42.7 1 1
github.com/amrchnk/advertisement_service/pkg/handler/advert.go:14.40,20.6 2 1
github.com/amrchnk/advertisement_service/pkg/handler/advert.go:22.44,28.6 2 1
github.com/amrchnk/advertisement_service/pkg/handler/advert.go:31.16,37.6 2 1
github.com/amrchnk/advertisement_service/pkg/handler/advert.go:49.43,50.24 1 1
github.com/amrchnk/advertisement_service/pkg/handler/advert.go:54.5,54.33 1 1
github.com/amrchnk/advertisement_service/pkg/handler/advert.go:61.5,61.16 1 1
github.com/amrchnk/advertisement_service/pkg/handler/advert.go:50.24,52.6 1 1
github.com/amrchnk/advertisement_service/pkg/handler/advert.go:54.33,55.61 1 1
github.com/amrchnk/advertisement_service/pkg/handler/advert.go:55.61,56.21 1 1
github.com/amrchnk/advertisement_service/pkg/handler/advert.go:57.15,59.10 1 1
github.com/amrchnk/advertisement_service/pkg/handler/advert.go:66.48,68.40 2 1
github.com/amrchnk/advertisement_service/pkg/handler/advert.go:76.5,76.30 1 1
github.com/amrchnk/advertisement_service/pkg/handler/advert.go:83.5,84.16 2 1
github.com/amrchnk/advertisement_service/pkg/handler/advert.go:91.5,92.16 2 1
github.com/amrchnk/advertisement_service/pkg/handler/advert.go:100.5,100.30 1 1
github.com/amrchnk/advertisement_service/pkg/handler/advert.go:68.40,74.6 2 1
github.com/amrchnk/advertisement_service/pkg/handler/advert.go:76.30,82.6 2 1
github.com/amrchnk/advertisement_service/pkg/handler/advert.go:84.16,90.6 2 0
github.com/amrchnk/advertisement_service/pkg/handler/advert.go:92.16,98.6 2 1
github.com/amrchnk/advertisement_service/pkg/handler/advert.go:103.48,107.40 3 1
github.com/amrchnk/advertisement_service/pkg/handler/advert.go:115.5,115.43 1 1
github.com/amrchnk/advertisement_service/pkg/handler/advert.go:123.5,124.16 2 1
github.com/amrchnk/advertisement_service/pkg/handler/advert.go:131.5,131.74 1 1
github.com/amrchnk/advertisement_service/pkg/handler/advert.go:138.5,140.19 3 1
github.com/amrchnk/advertisement_service/pkg/handler/advert.go:146.5,146.30 1 1
github.com/amrchnk/advertisement_service/pkg/handler/advert.go:107.40,114.6 2 1
github.com/amrchnk/advertisement_service/pkg/handler/advert.go:115.43,122.6 2 1
github.com/amrchnk/advertisement_service/pkg/handler/advert.go:124.16,130.7 2 1
github.com/amrchnk/advertisement_service/pkg/handler/advert.go:131.74,137.6 2 0
github.com/amrchnk/advertisement_service/pkg/handler/advert.go:140.19,142.6 1 1
github.com/amrchnk/advertisement_service/pkg/handler/advert.go:142.10,144.6 1 0
github.com/amrchnk/advertisement_service/pkg/handler/handler.go:12.52,14.2 1 1
github.com/amrchnk/advertisement_service/pkg/handler/handler.go:16.43,20.5 3 0
github.com/amrchnk/advertisement_service/pkg/handler/handler.go:26.5,26.18 1 0
github.com/amrchnk/advertisement_service/pkg/handler/handler.go:20.5,24.6 3 0
