mode: set
github.com/amrchnk/advertisement_service/pkg/handler/advert.go:12.47,14.40 2 1
github.com/amrchnk/advertisement_service/pkg/handler/advert.go:22.5,22.44 1 1
github.com/amrchnk/advertisement_service/pkg/handler/advert.go:30.5,31.16 2 1
github.com/amrchnk/advertisement_service/pkg/handler/advert.go:39.5,42.7 1 1
github.com/amrchnk/advertisement_service/pkg/handler/advert.go:14.40,20.6 2 1
github.com/amrchnk/advertisement_service/pkg/handler/advert.go:22.44,28.6 2 1
github.com/amrchnk/advertisement_service/pkg/handler/advert.go:31.16,37.6 2 1
github.com/amrchnk/advertisement_service/pkg/handler/advert.go:49.43,50.24 1 0
github.com/amrchnk/advertisement_service/pkg/handler/advert.go:54.5,54.33 1 0
github.com/amrchnk/advertisement_service/pkg/handler/advert.go:61.5,61.16 1 0
github.com/amrchnk/advertisement_service/pkg/handler/advert.go:50.24,52.6 1 0
github.com/amrchnk/advertisement_service/pkg/handler/advert.go:54.33,55.61 1 0
github.com/amrchnk/advertisement_service/pkg/handler/advert.go:55.61,56.21 1 0
github.com/amrchnk/advertisement_service/pkg/handler/advert.go:57.15,59.10 1 0
github.com/amrchnk/advertisement_service/pkg/handler/advert.go:66.48,68.40 2 0
github.com/amrchnk/advertisement_service/pkg/handler/advert.go:77.5,77.30 1 0
github.com/amrchnk/advertisement_service/pkg/handler/advert.go:84.5,85.16 2 0
github.com/amrchnk/advertisement_service/pkg/handler/advert.go:92.5,93.16 2 0
github.com/amrchnk/advertisement_service/pkg/handler/advert.go:101.5,101.30 1 0
github.com/amrchnk/advertisement_service/pkg/handler/advert.go:68.40,75.6 2 0
github.com/amrchnk/advertisement_service/pkg/handler/advert.go:77.30,83.6 2 0
github.com/amrchnk/advertisement_service/pkg/handler/advert.go:85.16,91.6 2 0
github.com/amrchnk/advertisement_service/pkg/handler/advert.go:93.16,99.6 2 0
github.com/amrchnk/advertisement_service/pkg/handler/advert.go:104.48,108.40 3 0
github.com/amrchnk/advertisement_service/pkg/handler/advert.go:116.5,116.41 1 0
github.com/amrchnk/advertisement_service/pkg/handler/advert.go:124.5,125.16 2 0
github.com/amrchnk/advertisement_service/pkg/handler/advert.go:132.5,132.89 1 0
github.com/amrchnk/advertisement_service/pkg/handler/advert.go:139.5,141.19 3 0
github.com/amrchnk/advertisement_service/pkg/handler/advert.go:147.5,147.30 1 0
github.com/amrchnk/advertisement_service/pkg/handler/advert.go:108.40,115.6 2 0
github.com/amrchnk/advertisement_service/pkg/handler/advert.go:116.41,123.6 2 0
github.com/amrchnk/advertisement_service/pkg/handler/advert.go:125.16,131.7 2 0
github.com/amrchnk/advertisement_service/pkg/handler/advert.go:132.89,138.6 2 0
github.com/amrchnk/advertisement_service/pkg/handler/advert.go:141.19,143.6 1 0
github.com/amrchnk/advertisement_service/pkg/handler/advert.go:143.10,145.6 1 0
github.com/amrchnk/advertisement_service/pkg/handler/handler.go:12.52,14.2 1 1
github.com/amrchnk/advertisement_service/pkg/handler/handler.go:16.43,20.5 3 0
github.com/amrchnk/advertisement_service/pkg/handler/handler.go:26.5,26.18 1 0
github.com/amrchnk/advertisement_service/pkg/handler/handler.go:20.5,24.6 3 0
